<?xml version="1.0" encoding="UTF-8"?>
<testng-results ignored="0" total="6" passed="6" failed="0" skipped="0">
  <reporter-output>
  </reporter-output>
  <suite started-at="2025-08-14T11:38:34 IST" name="Default suite" finished-at="2025-08-14T11:38:42 IST" duration-ms="8060">
    <groups>
      <group name="cucumber">
        <method signature="AbstractTestNGCucumberTests.runScenario(io.cucumber.testng.PickleWrapper,io.cucumber.testng.FeatureWrapper)[pri:0, instance:runners.TestRunner@689604d9]" name="runScenario" class="io.cucumber.testng.AbstractTestNGCucumberTests"/>
      </group> <!-- cucumber -->
    </groups>
    <test started-at="2025-08-14T11:38:34 IST" name="Default test" finished-at="2025-08-14T11:38:42 IST" duration-ms="8060">
      <class name="runners.TestRunner">
        <test-method is-config="true" signature="setUpClass(org.testng.ITestContext)[pri:0, instance:runners.TestRunner@689604d9]" started-at="2025-08-14T11:38:34 IST" name="setUpClass" finished-at="2025-08-14T11:38:35 IST" duration-ms="1537" status="PASS">
          <params>
            <param index="0">
              <value>
                <![CDATA[org.testng.TestRunner@2d7aa291]]>
              </value>
            </param>
          </params>
          <reporter-output>
          </reporter-output>
        </test-method> <!-- setUpClass -->
        <test-method signature="runScenario(io.cucumber.testng.PickleWrapper,io.cucumber.testng.FeatureWrapper)[pri:0, instance:runners.TestRunner@689604d9]" started-at="2025-08-14T11:38:35 IST" name="runScenario" description="Runs Cucumber Scenarios" data-provider="scenarios" finished-at="2025-08-14T11:38:40 IST" duration-ms="4670" status="PASS">
          <params>
            <param index="0">
              <value>
                <![CDATA["Obtain bearer token"]]>
              </value>
            </param>
            <param index="1">
              <value>
                <![CDATA["Authentication for OnlineVegStore APIs"]]>
              </value>
            </param>
          </params>
          <reporter-output>
          </reporter-output>
        </test-method> <!-- runScenario -->
        <test-method signature="runScenario(io.cucumber.testng.PickleWrapper,io.cucumber.testng.FeatureWrapper)[pri:0, instance:runners.TestRunner@689604d9]" started-at="2025-08-14T11:38:40 IST" name="runScenario" description="Runs Cucumber Scenarios" data-provider="scenarios" finished-at="2025-08-14T11:38:40 IST" duration-ms="392" status="PASS">
          <params>
            <param index="0">
              <value>
                <![CDATA["View customer list"]]>
              </value>
            </param>
            <param index="1">
              <value>
                <![CDATA["Customer Service API"]]>
              </value>
            </param>
          </params>
          <reporter-output>
          </reporter-output>
        </test-method> <!-- runScenario -->
        <test-method signature="runScenario(io.cucumber.testng.PickleWrapper,io.cucumber.testng.FeatureWrapper)[pri:0, instance:runners.TestRunner@689604d9]" started-at="2025-08-14T11:38:40 IST" name="runScenario" description="Runs Cucumber Scenarios" data-provider="scenarios" finished-at="2025-08-14T11:38:41 IST" duration-ms="423" status="PASS">
          <params>
            <param index="0">
              <value>
                <![CDATA["View customer by known id"]]>
              </value>
            </param>
            <param index="1">
              <value>
                <![CDATA["Customer Service API"]]>
              </value>
            </param>
          </params>
          <reporter-output>
          </reporter-output>
        </test-method> <!-- runScenario -->
        <test-method signature="runScenario(io.cucumber.testng.PickleWrapper,io.cucumber.testng.FeatureWrapper)[pri:0, instance:runners.TestRunner@689604d9]" started-at="2025-08-14T11:38:41 IST" name="runScenario" description="Runs Cucumber Scenarios" data-provider="scenarios" finished-at="2025-08-14T11:38:41 IST" duration-ms="140" status="PASS">
          <params>
            <param index="0">
              <value>
                <![CDATA["View customer by known mobile"]]>
              </value>
            </param>
            <param index="1">
              <value>
                <![CDATA["Customer Service API"]]>
              </value>
            </param>
          </params>
          <reporter-output>
          </reporter-output>
        </test-method> <!-- runScenario -->
        <test-method signature="runScenario(io.cucumber.testng.PickleWrapper,io.cucumber.testng.FeatureWrapper)[pri:0, instance:runners.TestRunner@689604d9]" started-at="2025-08-14T11:38:41 IST" name="runScenario" description="Runs Cucumber Scenarios" data-provider="scenarios" finished-at="2025-08-14T11:38:41 IST" duration-ms="129" status="PASS">
          <params>
            <param index="0">
              <value>
                <![CDATA["Add a new customer with default data"]]>
              </value>
            </param>
            <param index="1">
              <value>
                <![CDATA["Customer Service API"]]>
              </value>
            </param>
          </params>
          <reporter-output>
          </reporter-output>
        </test-method> <!-- runScenario -->
        <test-method signature="runScenario(io.cucumber.testng.PickleWrapper,io.cucumber.testng.FeatureWrapper)[pri:0, instance:runners.TestRunner@689604d9]" started-at="2025-08-14T11:38:41 IST" name="runScenario" description="Runs Cucumber Scenarios" data-provider="scenarios" finished-at="2025-08-14T11:38:41 IST" duration-ms="126" status="PASS">
          <params>
            <param index="0">
              <value>
                <![CDATA["Delete customer by known id"]]>
              </value>
            </param>
            <param index="1">
              <value>
                <![CDATA["Customer Service API"]]>
              </value>
            </param>
          </params>
          <reporter-output>
          </reporter-output>
        </test-method> <!-- runScenario -->
        <test-method is-config="true" signature="tearDownClass()[pri:0, instance:runners.TestRunner@689604d9]" started-at="2025-08-14T11:38:41 IST" name="tearDownClass" finished-at="2025-08-14T11:38:42 IST" duration-ms="570" status="PASS">
          <reporter-output>
          </reporter-output>
        </test-method> <!-- tearDownClass -->
      </class> <!-- runners.TestRunner -->
    </test> <!-- Default test -->
  </suite> <!-- Default suite -->
</testng-results>
